Determining if the pthread_create exist failed with the following output:
Change Dir: /home/omair/Downloads/lsd_slam-master/lsd_slam_core/jni/src/build/CMakeFiles/CMakeTmp

Run Build Command:"/usr/bin/make" "cmTC_bf6ea/fast"
/usr/bin/make -f CMakeFiles/cmTC_bf6ea.dir/build.make CMakeFiles/cmTC_bf6ea.dir/build
make[1]: Entering directory '/home/omair/Downloads/lsd_slam-master/lsd_slam_core/jni/src/build/CMakeFiles/CMakeTmp'
Building C object CMakeFiles/cmTC_bf6ea.dir/CheckSymbolExists.c.o
/usr/bin/cc     -o CMakeFiles/cmTC_bf6ea.dir/CheckSymbolExists.c.o   -c /home/omair/Downloads/lsd_slam-master/lsd_slam_core/jni/src/build/CMakeFiles/CMakeTmp/CheckSymbolExists.c
Linking C executable cmTC_bf6ea
/usr/bin/cmake -E cmake_link_script CMakeFiles/cmTC_bf6ea.dir/link.txt --verbose=1
/usr/bin/cc       CMakeFiles/cmTC_bf6ea.dir/CheckSymbolExists.c.o  -o cmTC_bf6ea -rdynamic 
CMakeFiles/cmTC_bf6ea.dir/CheckSymbolExists.c.o: In function `main':
CheckSymbolExists.c:(.text+0x16): undefined reference to `pthread_create'
collect2: error: ld returned 1 exit status
CMakeFiles/cmTC_bf6ea.dir/build.make:97: recipe for target 'cmTC_bf6ea' failed
make[1]: *** [cmTC_bf6ea] Error 1
make[1]: Leaving directory '/home/omair/Downloads/lsd_slam-master/lsd_slam_core/jni/src/build/CMakeFiles/CMakeTmp'
Makefile:126: recipe for target 'cmTC_bf6ea/fast' failed
make: *** [cmTC_bf6ea/fast] Error 2

File /home/omair/Downloads/lsd_slam-master/lsd_slam_core/jni/src/build/CMakeFiles/CMakeTmp/CheckSymbolExists.c:
/* */
#include <pthread.h>

int main(int argc, char** argv)
{
  (void)argv;
#ifndef pthread_create
  return ((int*)(&pthread_create))[argc];
#else
  (void)argc;
  return 0;
#endif
}

Determining if the function pthread_create exists in the pthreads failed with the following output:
Change Dir: /home/omair/Downloads/lsd_slam-master/lsd_slam_core/jni/src/build/CMakeFiles/CMakeTmp

Run Build Command:"/usr/bin/make" "cmTC_a6dd6/fast"
/usr/bin/make -f CMakeFiles/cmTC_a6dd6.dir/build.make CMakeFiles/cmTC_a6dd6.dir/build
make[1]: Entering directory '/home/omair/Downloads/lsd_slam-master/lsd_slam_core/jni/src/build/CMakeFiles/CMakeTmp'
Building C object CMakeFiles/cmTC_a6dd6.dir/CheckFunctionExists.c.o
/usr/bin/cc    -DCHECK_FUNCTION_EXISTS=pthread_create   -o CMakeFiles/cmTC_a6dd6.dir/CheckFunctionExists.c.o   -c /usr/share/cmake-3.5/Modules/CheckFunctionExists.c
Linking C executable cmTC_a6dd6
/usr/bin/cmake -E cmake_link_script CMakeFiles/cmTC_a6dd6.dir/link.txt --verbose=1
/usr/bin/cc   -DCHECK_FUNCTION_EXISTS=pthread_create    CMakeFiles/cmTC_a6dd6.dir/CheckFunctionExists.c.o  -o cmTC_a6dd6 -rdynamic -lpthreads 
/usr/bin/ld: cannot find -lpthreads
collect2: error: ld returned 1 exit status
CMakeFiles/cmTC_a6dd6.dir/build.make:97: recipe for target 'cmTC_a6dd6' failed
make[1]: *** [cmTC_a6dd6] Error 1
make[1]: Leaving directory '/home/omair/Downloads/lsd_slam-master/lsd_slam_core/jni/src/build/CMakeFiles/CMakeTmp'
Makefile:126: recipe for target 'cmTC_a6dd6/fast' failed
make: *** [cmTC_a6dd6/fast] Error 2


